yarn run v1.15.2
$ next
[12:08:48 PM] Compiling server
[12:08:51 PM] Compiled server in 2s
[12:08:51 PM] Compiling client
> Using external babel configuration
> Location: "/Users/hasher/Documents/boilerplate/news-meta/metaui/www/.babelrc"
[12:09:01 PM] Compiled client in 10s
 DONE  Compiled successfully in 13360ms12:09:01 PM

> Ready on http://localhost:3000
 WAIT  Compiling...12:09:02 PM

[12:09:02 PM] Compiling client
[12:09:03 PM] Compiled client in 602ms
 DONE  Compiled successfully in 659ms12:09:03 PM

> Building page: /
 WAIT  Compiling...12:09:05 PM

[12:09:06 PM] Compiling server
[12:09:06 PM] Compiling client
[12:09:09 PM] Compiled client in 4s
 DONE  Compiled successfully in 3901ms12:09:09 PM

[12:09:10 PM] Compiled server in 4s
props
props
{ token: false }
{ token: false }
props
props
props
props
props
props
{ token: false }
{ token: false }
{ token: false }
{ token: false }
{ token: false }
{ token: false }
> Building page: /Dashboard
 WAIT  Compiling...12:09:21 PM

[12:09:21 PM] Compiling server
[12:09:21 PM] Compiling client
[12:09:23 PM] Compiled client in 2s
 DONE  Compiled successfully in 1691ms12:09:23 PM

[12:09:23 PM] Compiled server in 2s
props
props
{ token: false }
{ token: false }
props
props
{ token: false }
{ token: false }
props
props
{ token: false }
{ token: false }
props
props
{ token: false }
{ token: false }
props
props
{ token: false }
{ token: false }
props
props
{ token: false }
{ token: false }
props
props
{ token: false }
{ token: false }
props
props
{ token: false }
{ token: false }
props
props
{ token: false }
{ token: false }
 WAIT  Compiling...12:14:20 PM

[12:14:20 PM] Compiling server
[12:14:21 PM] Compiling client
[12:14:24 PM] Compiled server in 4s
[12:14:25 PM] Compiling server
[12:14:25 PM] Compiled client in 5s
 DONE  Compiled successfully in 4954ms12:14:25 PM

 WAIT  Compiling...12:14:26 PM

[12:14:26 PM] Compiled server in 840ms
[12:14:26 PM] Compiling client
[12:14:26 PM] Compiling server
[12:14:28 PM] Compiled client in 2s
 ERROR  Failed to compile with 1 errors12:14:28 PM

 error  in ./components/logo.tsx

Syntax Error: SyntaxError: /Users/hasher/Documents/boilerplate/news-meta/metaui/www/components/logo.tsx: Unexpected token (11:8)

   9 |         <Col span={8}>
  10 |             <
> 11 |         </Col
     |         ^
  12 |         <Col span={14}><span className="logo-text">YT_Downloader</span></Col>
  13 |     </Row>)
  14 | }


 @ ./components/Header/Header.tsx 4:0-27 28:25-29
 @ ./Modules/Mainlayout/MainLayout.tsx
 @ ./pages/_app.js
 @ multi ./pages/_app.js

[12:14:29 PM] Compiled server in 2s
 WAIT  Compiling...12:14:29 PM

[12:14:29 PM] Compiling server
[12:14:29 PM] Compiling client
[12:14:29 PM] Compiled server in 229ms
[12:14:30 PM] Compiled client in 1s
 ERROR  Failed to compile with 1 errors12:14:30 PM

 error  in ./components/logo.tsx

Syntax Error: SyntaxError: /Users/hasher/Documents/boilerplate/news-meta/metaui/www/components/logo.tsx: Expected corresponding JSX closing tag for <Row> (11:14)

   9 |         <Col span={8}>
  10 |             
> 11 |         </Col></Col>
     |               ^
  12 |         <Col span={14}><span className="logo-text">YT_Downloader</span></Col>
  13 |     </Row>)
  14 | }


 @ ./components/Header/Header.tsx 4:0-27 28:25-29
 @ ./Modules/Mainlayout/MainLayout.tsx
 @ ./pages/_app.js
 @ multi ./pages/_app.js

props
{ token: false }
props
props
{ token: false }
{ token: false }
props
props
props
props
props
props
props
props
props
props
{ token: false }
{ token: false }
{ token: false }
{ token: false }
{ token: false }
{ token: false }
{ token: false }
{ token: false }
{ token: false }
{ token: false }
 WAIT  Compiling...12:14:37 PM

[12:14:37 PM] Compiling server
[12:14:37 PM] Compiling client
[12:14:39 PM] Compiled client in 2s
 DONE  Compiled successfully in 1834ms12:14:39 PM

 WAIT  Compiling...12:14:40 PM

[12:14:40 PM] Compiled server in 3s
[12:14:40 PM] Compiling client
[12:14:40 PM] Compiling server
[12:14:40 PM] Compiled client in 641ms
 DONE  Compiled successfully in 695ms12:14:40 PM

[12:14:41 PM] Compiled server in 906ms
props
props
{ token: false }
{ token: false }
props
props
{ token: false }
{ token: false }
 WAIT  Compiling...12:14:47 PM

[12:14:48 PM] Compiling server
[12:14:48 PM] Compiling client
[12:14:50 PM] Compiled client in 2s
 DONE  Compiled successfully in 2016ms12:14:50 PM

 WAIT  Compiling...12:14:50 PM

[12:14:50 PM] Compiled server in 3s
[12:14:50 PM] Compiling client
[12:14:51 PM] Compiling server
[12:14:51 PM] Compiled client in 796ms
 DONE  Compiled successfully in 924ms12:14:51 PM

[12:14:52 PM] Compiled server in 1s
props
props
{ token: false }
{ token: false }
props
props
{ token: false }
{ token: false }
 WAIT  Compiling...12:16:23 PM

[12:16:23 PM] Compiling server
[12:16:24 PM] Compiling client
[12:16:25 PM] Compiled server in 1s
[12:16:26 PM] Compiled client in 2s
 DONE  Compiled successfully in 2112ms12:16:26 PM

props
props
{ token: false }
{ token: false }
props
props
{ token: false }
{ token: false }
 WAIT  Compiling...12:16:57 PM

[12:16:58 PM] Compiling server
[12:16:58 PM] Compiling client
[12:17:00 PM] Compiled client in 3s
 DONE  Compiled successfully in 2684ms12:17:00 PM

[12:17:01 PM] Compiled server in 3s
props
props
{ token: false }
{ token: false }
props
props
{ token: false }
{ token: false }

> Found a change in next.config.js, restarting the server...
[12:18:05 PM] Compiling server
[12:18:05 PM] Compiled server in 488ms
[12:18:05 PM] Compiling client
> Using external babel configuration
> Location: "/Users/hasher/Documents/boilerplate/news-meta/metaui/www/.babelrc"
[12:18:14 PM] Compiled client in 8s
 DONE  Compiled successfully in 8881ms12:18:14 PM

> Ready on http://localhost:3000
props
props
{ token: false }
{ token: false }
props
props
props
props
{ token: false }
{ token: false }
{ token: false }
{ token: false }
> Building page: /Dashboard
 WAIT  Compiling...12:18:26 PM

[12:18:26 PM] Compiling server
[12:18:27 PM] Compiling client
[12:18:29 PM] Compiled client in 3s
 DONE  Compiled successfully in 2954ms12:18:29 PM

[12:18:30 PM] Compiled server in 3s
props
props
props
props
props
props
{ token: false }
{ token: false }
props
props
props
props
{ token: false }
{ token: false }
{ token: false }
{ token: false }
{ token: false }
props
props
{ token: false }
{ token: false }
{ token: false }
{ token: false }
{ token: false }
props
props
{ token: false }
{ token: false }
 WAIT  Compiling...12:18:38 PM

[12:18:38 PM] Compiling server
[12:18:39 PM] Compiling client
[12:18:40 PM] Compiled client in 2s
 DONE  Compiled successfully in 1617ms12:18:40 PM

[12:18:40 PM] Compiled server in 2s
props
props
{ token: false }
{ token: false }
 WAIT  Compiling...12:18:45 PM

[12:18:45 PM] Compiling server
[12:18:46 PM] Compiling client
[12:18:47 PM] Compiled client in 2s
 DONE  Compiled successfully in 1639ms12:18:47 PM

[12:18:47 PM] Compiled server in 2s
props
props
{ token: false }
{ token: false }
 WAIT  Compiling...12:18:52 PM

[12:18:52 PM] Compiling server
[12:18:52 PM] Compiling client
[12:18:53 PM] Compiled client in 1s
 DONE  Compiled successfully in 1442ms12:18:53 PM

 WAIT  Compiling...12:18:54 PM

[12:18:54 PM] Compiled server in 2s
[12:18:54 PM] Compiling server
[12:18:54 PM] Compiling client
[12:18:55 PM] Compiled client in 1s
 DONE  Compiled successfully in 1086ms12:18:55 PM

[12:18:55 PM] Compiled server in 1s
props
props
{ token: false }
{ token: false }
 WAIT  Compiling...12:22:47 PM

[12:22:47 PM] Compiling server
[12:22:47 PM] Compiling client
[12:22:49 PM] Compiled client in 2s
 DONE  Compiled successfully in 2149ms12:22:49 PM

[12:22:49 PM] Compiled server in 3s
props
props
props
props
{ token: false }
{ token: false }
{ token: false }
{ token: false }
 WAIT  Compiling...12:22:52 PM

[12:22:52 PM] Compiling server
[12:22:52 PM] Compiling client
[12:22:55 PM] Compiled client in 3s
 DONE  Compiled successfully in 2810ms12:22:55 PM

 WAIT  Compiling...12:22:55 PM

[12:22:55 PM] Compiled server in 3s
[12:22:55 PM] Compiling client
[12:22:55 PM] Compiling server
[12:22:56 PM] Compiled client in 1s
 DONE  Compiled successfully in 1251ms12:22:56 PM

[12:22:57 PM] Compiled server in 1s
props
props
props
props
{ token: false }
{ token: false }
{ token: false }
{ token: false }
props
props
{ token: false }
{ token: false }
 WAIT  Compiling...12:24:29 PM

[12:24:29 PM] Compiling server
[12:24:30 PM] Compiling client
[12:24:31 PM] Compiled server in 1s
[12:24:31 PM] Compiled client in 2s
 DONE  Compiled successfully in 1922ms12:24:31 PM

props
props
{ token: false }
{ token: false }
 WAIT  Compiling...12:24:43 PM

[12:24:43 PM] Compiling server
[12:24:44 PM] Compiling client
[12:24:46 PM] Compiled client in 3s
 DONE  Compiled successfully in 2732ms12:24:46 PM

 WAIT  Compiling...12:24:47 PM

[12:24:47 PM] Compiled server in 3s
[12:24:47 PM] Compiling server
[12:24:47 PM] Compiling client
[12:24:49 PM] Compiled client in 1s
 DONE  Compiled successfully in 1629ms12:24:49 PM

[12:24:49 PM] Compiled server in 2s
 WAIT  Compiling...12:25:01 PM

[12:25:01 PM] Compiling server
[12:25:01 PM] Compiling client
[12:25:03 PM] Compiled client in 2s
 DONE  Compiled successfully in 2070ms12:25:03 PM

[12:25:03 PM] Compiled server in 3s
props
props
{ token: false }
{ token: false }
 WAIT  Compiling...12:25:25 PM

[12:25:25 PM] Compiling server
[12:25:25 PM] Compiling client
[12:25:25 PM] Compiled server in 155ms
[12:25:26 PM] Compiled client in 687ms
 ERROR  Failed to compile with 1 errors12:25:26 PM

 error  in ./Modules/Dashboard/FilerForm.tsx

Syntax Error: SyntaxError: /Users/hasher/Documents/boilerplate/news-meta/metaui/www/Modules/Dashboard/FilerForm.tsx: Unexpected token, expected ";" (23:9)

  21 |   
  22 |   // for timer
> 23 |   const  handleChange = (value)  => {
     |          ^
  24 |     console.log(`selected ${value}`);
  25 |     
  26 |   }


 @ ./Modules/Dashboard/Dashboard.tsx 37:0-48 104:29-39
 @ ./pages/Dashboard.tsx
 @ multi ./pages/Dashboard.tsx

props
{ token: false }
props
props
props
{ token: false }
props
props
{ token: false }
{ token: false }
{ token: false }
{ token: false }
props
{ token: false }
props
props
props
props
props
{ token: false }
{ token: false }
{ token: false }
{ token: false }
{ token: false }
 WAIT  Compiling...12:25:42 PM

[12:25:42 PM] Compiling server
[12:25:42 PM] Compiling client
[12:25:43 PM] Compiled server in 1s
[12:25:44 PM] Compiled client in 1s
 DONE  Compiled successfully in 1895ms12:25:44 PM

props
props
{ token: false }
{ token: false }
props
props
{ token: false }
{ token: false }
 WAIT  Compiling...12:25:59 PM

[12:25:59 PM] Compiling server
[12:25:59 PM] Compiling client
[12:26:00 PM] Compiled client in 1s
 DONE  Compiled successfully in 1537ms12:26:00 PM

[12:26:01 PM] Compiled server in 2s
 WAIT  Compiling...12:26:02 PM

[12:26:02 PM] Compiling server
[12:26:02 PM] Compiling client
[12:26:04 PM] Compiled client in 2s
 DONE  Compiled successfully in 1902ms12:26:04 PM

[12:26:05 PM] Compiled server in 2s
props
props
{ token: false }
{ token: false }
 WAIT  Compiling...12:26:07 PM

[12:26:07 PM] Compiling server
[12:26:07 PM] Compiling client
[12:26:09 PM] Compiled client in 2s
 DONE  Compiled successfully in 1774ms12:26:09 PM

[12:26:09 PM] Compiled server in 2s
props
props
{ token: false }
{ token: false }
 WAIT  Compiling...12:26:14 PM

[12:26:14 PM] Compiling server
[12:26:14 PM] Compiling client
[12:26:17 PM] Compiled client in 3s
 DONE  Compiled successfully in 2786ms12:26:17 PM

[12:26:17 PM] Compiled server in 3s
props
props
{ token: false }
{ token: false }
 WAIT  Compiling...12:26:24 PM

[12:26:24 PM] Compiling server
[12:26:24 PM] Compiling client
[12:26:26 PM] Compiled client in 2s
 DONE  Compiled successfully in 1812ms12:26:26 PM

[12:26:26 PM] Compiled server in 2s
props
props
{ token: false }
{ token: false }
 WAIT  Compiling...12:26:28 PM

[12:26:28 PM] Compiling server
[12:26:28 PM] Compiling client
[12:26:30 PM] Compiled client in 2s
 DONE  Compiled successfully in 1812ms12:26:30 PM

[12:26:30 PM] Compiled server in 2s
props
props
{ token: false }
{ token: false }
 WAIT  Compiling...12:26:32 PM

[12:26:32 PM] Compiling server
[12:26:32 PM] Compiling client
[12:26:34 PM] Compiled client in 2s
 DONE  Compiled successfully in 2410ms12:26:34 PM

[12:26:35 PM] Compiled server in 3s
props
props
{ token: false }
{ token: false }
 WAIT  Compiling...12:26:40 PM

[12:26:40 PM] Compiling server
[12:26:40 PM] Compiling client
[12:26:42 PM] Compiled client in 2s
 DONE  Compiled successfully in 1820ms12:26:42 PM

[12:26:42 PM] Compiled server in 2s
props
props
{ token: false }
{ token: false }
 WAIT  Compiling...12:26:46 PM

[12:26:46 PM] Compiling server
[12:26:46 PM] Compiling client
[12:26:48 PM] Compiled client in 1s
 DONE  Compiled successfully in 1563ms12:26:48 PM

[12:26:48 PM] Compiled server in 2s
props
props
{ token: false }
{ token: false }
 WAIT  Compiling...12:26:54 PM

[12:26:54 PM] Compiling server
[12:26:54 PM] Compiling client
[12:26:56 PM] Compiled client in 1s
 DONE  Compiled successfully in 1531ms12:26:56 PM

[12:26:56 PM] Compiled server in 2s
props
props
{ token: false }
{ token: false }
 WAIT  Compiling...12:27:26 PM

[12:27:26 PM] Compiling server
[12:27:26 PM] Compiling client
[12:27:28 PM] Compiled client in 2s
 DONE  Compiled successfully in 1970ms12:27:28 PM

[12:27:29 PM] Compiled server in 2s
props
props
{ token: false }
{ token: false }
 WAIT  Compiling...12:28:15 PM

[12:28:15 PM] Compiling server
[12:28:15 PM] Compiling client
[12:28:16 PM] Compiled server in 2s
[12:28:17 PM] Compiled client in 2s
 DONE  Compiled successfully in 2033ms12:28:17 PM

 WAIT  Compiling...12:28:17 PM

props
props
{ token: false }
{ token: false }
[12:28:17 PM] Compiling server
[12:28:18 PM] Compiling client
[12:28:19 PM] Compiled client in 1s
 DONE  Compiled successfully in 1641ms12:28:19 PM

[12:28:20 PM] Compiled server in 2s
 WAIT  Compiling...12:28:26 PM

[12:28:26 PM] Compiling server
[12:28:26 PM] Compiling client
[12:28:28 PM] Compiled client in 2s
 DONE  Compiled successfully in 1648ms12:28:28 PM

[12:28:28 PM] Compiled server in 2s
 WAIT  Compiling...12:28:28 PM

[12:28:29 PM] Compiling server
[12:28:29 PM] Compiling client
[12:28:30 PM] Compiled client in 2s
 DONE  Compiled successfully in 1897ms12:28:30 PM

[12:28:31 PM] Compiled server in 2s
props
props
{ token: false }
{ token: false }
 WAIT  Compiling...12:28:54 PM

[12:28:54 PM] Compiling server
[12:28:54 PM] Compiling client
[12:28:55 PM] Compiled server in 854ms
[12:28:56 PM] Compiling server
[12:28:56 PM] Compiled client in 1s
 DONE  Compiled successfully in 1387ms12:28:56 PM

 WAIT  Compiling...12:28:56 PM

[12:28:56 PM] Compiled server in 532ms
[12:28:56 PM] Compiling client
[12:28:57 PM] Compiled client in 797ms
 DONE  Compiled successfully in 857ms12:28:57 PM

props
props
{ token: false }
{ token: false }
 WAIT  Compiling...12:28:58 PM

[12:28:58 PM] Compiling server
[12:28:58 PM] Compiling client
[12:28:59 PM] Compiled client in 930ms
 DONE  Compiled successfully in 1016ms12:28:59 PM

[12:28:59 PM] Compiled server in 1s
 WAIT  Compiling...12:29:24 PM

[12:29:25 PM] Compiling server
[12:29:25 PM] Compiling client
[12:29:27 PM] Compiled client in 2s
 DONE  Compiled successfully in 2284ms12:29:27 PM

 WAIT  Compiling...12:29:27 PM

[12:29:27 PM] Compiled server in 3s
[12:29:28 PM] Compiling client
[12:29:28 PM] Compiling server
[12:29:28 PM] Compiled client in 759ms
 DONE  Compiled successfully in 873ms12:29:28 PM

[12:29:29 PM] Compiled server in 1s
props
props
{ token: false }
{ token: false }
props
props
{ token: false }
{ token: false }
 WAIT  Compiling...12:29:43 PM

[12:29:43 PM] Compiling server
[12:29:43 PM] Compiling client
[12:29:46 PM] Compiled client in 3s
 DONE  Compiled successfully in 2803ms12:29:46 PM

[12:29:46 PM] Compiled server in 3s
props
props
{ token: false }
{ token: false }
props
props
{ token: false }
{ token: false }
 WAIT  Compiling...12:30:05 PM

[12:30:05 PM] Compiling server
[12:30:05 PM] Compiling client
[12:30:07 PM] Compiled client in 2s
 DONE  Compiled successfully in 2275ms12:30:07 PM

[12:30:08 PM] Compiled server in 3s
props
props
{ token: false }
{ token: false }
props
props
{ token: false }
{ token: false }
 WAIT  Compiling...12:30:14 PM

[12:30:14 PM] Compiling server
[12:30:14 PM] Compiling client
[12:30:18 PM] Compiled client in 4s
 DONE  Compiled successfully in 3679ms12:30:18 PM

 WAIT  Compiling...12:30:18 PM

[12:30:19 PM] Compiled server in 5s
[12:30:19 PM] Compiling client
[12:30:19 PM] Compiling server
[12:30:21 PM] Compiled client in 3s
 DONE  Compiled successfully in 2709ms12:30:21 PM

[12:30:22 PM] Compiled server in 3s
props
props
{ token: false }
{ token: false }
 WAIT  Compiling...12:30:46 PM

[12:30:47 PM] Compiling server
[12:30:47 PM] Compiling client
[12:30:49 PM] Compiled client in 2s
 DONE  Compiled successfully in 1946ms12:30:49 PM

[12:30:49 PM] Compiled server in 2s
props
props
{ token: false }
{ token: false }
 WAIT  Compiling...12:30:51 PM

[12:30:51 PM] Compiling server
[12:30:52 PM] Compiling client
[12:30:54 PM] Compiled client in 3s
 DONE  Compiled successfully in 2892ms12:30:54 PM

 WAIT  Compiling...12:30:55 PM

[12:30:55 PM] Compiled server in 3s
[12:30:55 PM] Compiling client
[12:30:55 PM] Compiling server
[12:30:57 PM] Compiled client in 2s
 DONE  Compiled successfully in 2553ms12:30:57 PM

[12:30:58 PM] Compiled server in 3s
props
props
{ token: false }
{ token: false }
 WAIT  Compiling...12:31:23 PM

[12:31:23 PM] Compiling server
[12:31:23 PM] Compiling client
[12:31:24 PM] Compiled server in 178ms
[12:31:24 PM] Compiled client in 870ms
 ERROR  Failed to compile with 1 errors12:31:24 PM

 error  in ./Modules/Dashboard/Dashboard.tsx

Syntax Error: SyntaxError: /Users/hasher/Documents/boilerplate/news-meta/metaui/www/Modules/Dashboard/Dashboard.tsx: Unexpected token, expected "," (199:38)

  197 |           }}
  198 |         >
> 199 |           {this.state.totalCountCheck this.state.loadmore && <Button onClick={() => this._onFocus(fetchMore)}>load more</Button>}
      |                                       ^
  200 |         </div>
  201 |       ) : null
  202 |     )


 @ ./pages/Dashboard.tsx 27:0-55 50:29-38
 @ multi ./pages/Dashboard.tsx

props
props
{ token: false }
{ token: false }
props
{ token: false }
props
props
props
props
{ token: false }
{ token: false }
{ token: false }
{ token: false }
props
{ token: false }
props
{ token: false }
props
props
props
props
{ token: false }
{ token: false }
{ token: false }
{ token: false }
 WAIT  Compiling...12:31:33 PM

[12:31:33 PM] Compiling server
[12:31:33 PM] Compiling client
[12:31:33 PM] Compiled server in 175ms
[12:31:34 PM] Compiled client in 558ms
 ERROR  Failed to compile with 1 errors12:31:34 PM

 error  in ./Modules/Dashboard/Dashboard.tsx

Syntax Error: SyntaxError: /Users/hasher/Documents/boilerplate/news-meta/metaui/www/Modules/Dashboard/Dashboard.tsx: Unexpected token, expected "," (199:44)

  197 |           }}
  198 |         >
> 199 |           {this.state.totalCountCheck <= 10 this.state.loadmore && <Button onClick={() => this._onFocus(fetchMore)}>load more</Button>}
      |                                             ^
  200 |         </div>
  201 |       ) : null
  202 |     )


 @ ./pages/Dashboard.tsx 27:0-55 50:29-38
 @ multi ./pages/Dashboard.tsx

props
{ token: false }
 WAIT  Compiling...12:31:38 PM

[12:31:38 PM] Compiling server
[12:31:38 PM] Compiling client
[12:31:38 PM] Compiled server in 220ms
[12:31:39 PM] Compiled client in 776ms
 ERROR  Failed to compile with 1 errors12:31:39 PM

 error  in ./Modules/Dashboard/Dashboard.tsx

Syntax Error: SyntaxError: /Users/hasher/Documents/boilerplate/news-meta/metaui/www/Modules/Dashboard/Dashboard.tsx: Unexpected token, expected "," (199:136)

  197 |           }}
  198 |         >
> 199 |           {this.state.totalCountCheck <= 10 ? this.state.loadmore && <Button onClick={() => this._onFocus(fetchMore)}>load more</Button>}
      |                                                                                                                                         ^
  200 |         </div>
  201 |       ) : null
  202 |     )


 @ ./pages/Dashboard.tsx 27:0-55 50:29-38
 @ multi ./pages/Dashboard.tsx

props
{ token: false }
 WAIT  Compiling...12:31:44 PM

[12:31:44 PM] Compiling server
[12:31:44 PM] Compiling client
[12:31:46 PM] Compiled client in 2s
 DONE  Compiled successfully in 2323ms12:31:46 PM

[12:31:47 PM] Compiled server in 3s
props
props
{ token: false }
{ token: false }
props
props
{ token: false }
{ token: false }
 WAIT  Compiling...12:31:49 PM

[12:31:49 PM] Compiling server
[12:31:49 PM] Compiling client
[12:31:51 PM] Compiled client in 1s
 DONE  Compiled successfully in 1537ms12:31:51 PM

[12:31:52 PM] Compiled server in 3s
 WAIT  Compiling...12:33:39 PM

[12:33:40 PM] Compiling server
[12:33:40 PM] Compiling client
[12:33:42 PM] Compiled client in 3s
 DONE  Compiled successfully in 2687ms12:33:42 PM

[12:33:43 PM] Compiled server in 3s
props
props
{ token: false }
props
props
{ token: false }
{ token: false }
{ token: false }
 WAIT  Compiling...12:33:47 PM

[12:33:48 PM] Compiling server
[12:33:48 PM] Compiling client
[12:33:50 PM] Compiled client in 2s
 DONE  Compiled successfully in 2390ms12:33:50 PM

 WAIT  Compiling...12:33:50 PM

[12:33:50 PM] Compiled server in 3s
[12:33:51 PM] Compiling client
[12:33:51 PM] Compiling server
[12:33:53 PM] Compiled client in 2s
 DONE  Compiled successfully in 2237ms12:33:53 PM

[12:33:53 PM] Compiled server in 2s
props
props
props
props
{ token: false }
{ token: false }
{ token: false }
{ token: false }
props
props
{ token: false }
{ token: false }
 WAIT  Compiling...12:34:56 PM

[12:34:56 PM] Compiling server
[12:34:57 PM] Compiling client
[12:34:59 PM] Compiled client in 2s
 DONE  Compiled successfully in 2253ms12:34:59 PM

[12:34:59 PM] Compiled server in 3s
props
props
{ token: false }
{ token: false }
 WAIT  Compiling...12:35:11 PM

[12:35:12 PM] Compiling server
[12:35:12 PM] Compiling client
[12:35:14 PM] Compiled client in 2s
 DONE  Compiled successfully in 2178ms12:35:14 PM

[12:35:14 PM] Compiled server in 3s
props
props
{ token: false }
{ token: false }
 WAIT  Compiling...12:35:29 PM

[12:35:29 PM] Compiling server
[12:35:29 PM] Compiling client
[12:35:31 PM] Compiled client in 1s
 DONE  Compiled successfully in 1546ms12:35:31 PM

[12:35:31 PM] Compiled server in 2s
 WAIT  Compiling...12:36:11 PM

[12:36:12 PM] Compiling server
[12:36:12 PM] Compiling client
[12:36:16 PM] Compiled client in 4s
 DONE  Compiled successfully in 3883ms12:36:16 PM

[12:36:16 PM] Compiled server in 4s
props
props
{ token: false }
{ token: false }
 WAIT  Compiling...12:36:29 PM

[12:36:29 PM] Compiling server
[12:36:29 PM] Compiling client
[12:36:30 PM] Compiled client in 765ms
 DONE  Compiled successfully in 846ms12:36:30 PM

[12:36:31 PM] Compiled server in 1s
